# JRE version: Java(TM) SE Runtime Environment (22.0.2+9) (build 22.0.2+9-70)
# Java VM: Java HotSpot(TM) 64-Bit Server VM (22.0.2+9-70, mixed mode, sharing, tiered, compressed oops, compressed class ptrs, g1 gc, windows-amd64)
GC Precious Log:
 CardTable entry size: 512
 Card Set container configuration: InlinePtr #cards 5 size 8 Array Of Cards #cards 12 size 40 Howl #buckets 4 coarsen threshold 1843 Howl Bitmap #cards 512 size 80 coarsen threshold 460 Card regions per heap region 1 cards per card region 2048
 CPUs: 8 total, 8 available
 Memory: 8006M
 Large Page Support: Disabled
 NUMA Support: Disabled
 Compressed Oops: Enabled (32-bit)
 Heap Region Size: 1M
 Heap Min Capacity: 8M
 Heap Initial Capacity: 126M
 Heap Max Capacity: 2002M
 Pre-touch: Disabled
 Parallel Workers: 8
 Concurrent Workers: 2
 Concurrent Refinement Workers: 8
 Periodic GC: Disabled
Heap:
 garbage-first heap   total reserved 2050048K, committed 48128K, used 30245K [0x0000000082e00000, 0x0000000100000000)
  region size 1024K, 10 young (10240K), 1 survivors (1024K)
 Metaspace       used 37558K, committed 38080K, reserved 1114112K
  class space    used 4810K, committed 5056K, reserved 1048576K
GC Heap History (14 events):
Event: 1.439 GC heap before
{Heap before GC invocations=0 (full 0):
 garbage-first heap   total reserved 2050048K, committed 129024K, used 24576K [0x0000000082e00000, 0x0000000100000000)
  region size 1024K, 24 young (24576K), 0 survivors (0K)
 Metaspace       used 6765K, committed 6976K, reserved 1114112K
  class space    used 806K, committed 896K, reserved 1048576K
}
Event: 1.452 GC heap after
{Heap after GC invocations=1 (full 0):
 garbage-first heap   total reserved 2050048K, committed 129024K, used 8167K [0x0000000082e00000, 0x0000000100000000)
  region size 1024K, 3 young (3072K), 3 survivors (3072K)
 Metaspace       used 6765K, committed 6976K, reserved 1114112K
  class space    used 806K, committed 896K, reserved 1048576K
}
Event: 2.875 GC heap before
{Heap before GC invocations=1 (full 0):
 garbage-first heap   total reserved 2050048K, committed 129024K, used 35815K [0x0000000082e00000, 0x0000000100000000)
  region size 1024K, 31 young (31744K), 3 survivors (3072K)
 Metaspace       used 14767K, committed 15040K, reserved 1114112K
  class space    used 1917K, committed 2048K, reserved 1048576K
}
Event: 2.888 GC heap after
{Heap after GC invocations=2 (full 0):
 garbage-first heap   total reserved 2050048K, committed 129024K, used 10185K [0x0000000082e00000, 0x0000000100000000)
  region size 1024K, 3 young (3072K), 3 survivors (3072K)
 Metaspace       used 14767K, committed 15040K, reserved 1114112K
  class space    used 1917K, committed 2048K, reserved 1048576K
}
Event: 4.110 GC heap before
{Heap before GC invocations=2 (full 0):
 garbage-first heap   total reserved 2050048K, committed 129024K, used 40905K [0x0000000082e00000, 0x0000000100000000)
  region size 1024K, 34 young (34816K), 3 survivors (3072K)
 Metaspace       used 21259K, committed 21504K, reserved 1114112K
  class space    used 2659K, committed 2752K, reserved 1048576K
}
Event: 4.126 GC heap after
{Heap after GC invocations=3 (full 0):
 garbage-first heap   total reserved 2050048K, committed 129024K, used 13473K [0x0000000082e00000, 0x0000000100000000)
  region size 1024K, 6 young (6144K), 6 survivors (6144K)
 Metaspace       used 21259K, committed 21504K, reserved 1114112K
  class space    used 2659K, committed 2752K, reserved 1048576K
}
Event: 5.391 GC heap before
{Heap before GC invocations=4 (full 0):
 garbage-first heap   total reserved 2050048K, committed 48128K, used 34977K [0x0000000082e00000, 0x0000000100000000)
  region size 1024K, 28 young (28672K), 6 survivors (6144K)
 Metaspace       used 24694K, committed 25024K, reserved 1114112K
  class space    used 3123K, committed 3264K, reserved 1048576K
}
Event: 5.403 GC heap after
{Heap after GC invocations=5 (full 0):
 garbage-first heap   total reserved 2050048K, committed 48128K, used 15260K [0x0000000082e00000, 0x0000000100000000)
  region size 1024K, 3 young (3072K), 3 survivors (3072K)
 Metaspace       used 24694K, committed 25024K, reserved 1114112K
  class space    used 3123K, committed 3264K, reserved 1048576K
}
Event: 6.528 GC heap before
{Heap before GC invocations=5 (full 0):
 garbage-first heap   total reserved 2050048K, committed 48128K, used 36764K [0x0000000082e00000, 0x0000000100000000)
  region size 1024K, 24 young (24576K), 3 survivors (3072K)
 Metaspace       used 28776K, committed 29248K, reserved 1114112K
  class space    used 3724K, committed 3968K, reserved 1048576K
}
Event: 6.546 GC heap after
{Heap after GC invocations=6 (full 0):
 garbage-first heap   total reserved 2050048K, committed 48128K, used 17587K [0x0000000082e00000, 0x0000000100000000)
  region size 1024K, 3 young (3072K), 3 survivors (3072K)
 Metaspace       used 28776K, committed 29248K, reserved 1114112K
  class space    used 3724K, committed 3968K, reserved 1048576K
}
Event: 7.575 GC heap before
{Heap before GC invocations=6 (full 0):
 garbage-first heap   total reserved 2050048K, committed 48128K, used 38067K [0x0000000082e00000, 0x0000000100000000)
  region size 1024K, 23 young (23552K), 3 survivors (3072K)
 Metaspace       used 33248K, committed 33728K, reserved 1114112K
  class space    used 4265K, committed 4480K, reserved 1048576K
}
Event: 7.588 GC heap after
{Heap after GC invocations=7 (full 0):
 garbage-first heap   total reserved 2050048K, committed 48128K, used 19370K [0x0000000082e00000, 0x0000000100000000)
  region size 1024K, 2 young (2048K), 2 survivors (2048K)
 Metaspace       used 33248K, committed 33728K, reserved 1114112K
  class space    used 4265K, committed 4480K, reserved 1048576K
}
Event: 7.852 GC heap before
{Heap before GC invocations=7 (full 0):
 garbage-first heap   total reserved 2050048K, committed 48128K, used 24490K [0x0000000082e00000, 0x0000000100000000)
  region size 1024K, 9 young (9216K), 2 survivors (2048K)
 Metaspace       used 35510K, committed 35968K, reserved 1114112K
  class space    used 4508K, committed 4736K, reserved 1048576K
}
Event: 7.861 GC heap after
{Heap after GC invocations=8 (full 0):
 garbage-first heap   total reserved 2050048K, committed 48128K, used 20005K [0x0000000082e00000, 0x0000000100000000)
  region size 1024K, 1 young (1024K), 1 survivors (1024K)
 Metaspace       used 35510K, committed 35968K, reserved 1114112K
  class space    used 4508K, committed 4736K, reserved 1048576K
}

